Flutter crash report; please file at https://github.com/flutter/flutter/issues.

## command

flutter run

## exception

ProcessException: ProcessException: Process exited abnormally:
An error was encountered processing the command (domain=com.apple.CoreSimulator.SimError, code=165):
Unable to lookup in current state: Shutdown
  Command: /usr/bin/xcrun simctl install 06193970-C9A6-410C-9680-A21FFD3F450A /Users/mehrdadahmadi/Desktop/Projects/Flutter/ConcordiAround/build/ios/iphonesimulator/Runner.app

```
#0      RunResult.throwException (package:flutter_tools/src/base/process.dart:141:5)
#1      _DefaultProcessUtils.run (package:flutter_tools/src/base/process.dart:275:19)
<asynchronous suspension>
#2      SimControl.install (package:flutter_tools/src/ios/simulators.dart:148:29)
#3      IOSSimulator._setupUpdatedApplicationBundle (package:flutter_tools/src/ios/simulators.dart:454:31)
<asynchronous suspension>
#4      IOSSimulator.startApp (package:flutter_tools/src/ios/simulators.dart:354:15)
#5      FlutterDevice.runHot (package:flutter_tools/src/resident_runner.dart:450:54)
#6      _asyncThenWrapperHelper.<anonymous closure> (dart:async-patch/async_patch.dart:73:64)
#7      _rootRunUnary (dart:async/zone.dart:1134:38)
#8      _CustomZone.runUnary (dart:async/zone.dart:1031:19)
#9      _FutureListener.handleValue (dart:async/future_impl.dart:139:18)
#10     Future._propagateToListeners.handleValueCallback (dart:async/future_impl.dart:680:45)
#11     Future._propagateToListeners (dart:async/future_impl.dart:709:32)
#12     Future._completeWithValue (dart:async/future_impl.dart:524:5)
#13     _AsyncAwaitCompleter.complete (dart:async-patch/async_patch.dart:32:15)
#14     _completeOnAsyncReturn (dart:async-patch/async_patch.dart:290:13)
#15     ApplicationPackageFactory.getPackageForPlatform (package:flutter_tools/src/application_package.dart)
#16     _asyncThenWrapperHelper.<anonymous closure> (dart:async-patch/async_patch.dart:73:64)
#17     _rootRunUnary (dart:async/zone.dart:1134:38)
#18     _CustomZone.runUnary (dart:async/zone.dart:1031:19)
#19     _FutureListener.handleValue (dart:async/future_impl.dart:139:18)
#20     Future._propagateToListeners.handleValueCallback (dart:async/future_impl.dart:680:45)
#21     Future._propagateToListeners (dart:async/future_impl.dart:709:32)
#22     Future._completeWithValue (dart:async/future_impl.dart:524:5)
#23     _AsyncAwaitCompleter.complete (dart:async-patch/async_patch.dart:32:15)
#24     _completeOnAsyncReturn (dart:async-patch/async_patch.dart:290:13)
#25     BuildableIOSApp.fromProject (package:flutter_tools/src/application_package.dart)
#26     _asyncThenWrapperHelper.<anonymous closure> (dart:async-patch/async_patch.dart:73:64)
#27     _rootRunUnary (dart:async/zone.dart:1134:38)
#28     _CustomZone.runUnary (dart:async/zone.dart:1031:19)
#29     _FutureListener.handleValue (dart:async/future_impl.dart:139:18)
#30     Future._propagateToListeners.handleValueCallback (dart:async/future_impl.dart:680:45)
#31     Future._propagateToListeners (dart:async/future_impl.dart:709:32)
#32     Future._completeWithValue (dart:async/future_impl.dart:524:5)
#33     Future._asyncComplete.<anonymous closure> (dart:async/future_impl.dart:554:7)
#34     _rootRun (dart:async/zone.dart:1126:13)
#35     _CustomZone.run (dart:async/zone.dart:1023:19)
#36     _CustomZone.runGuarded (dart:async/zone.dart:925:7)
#37     _CustomZone.bindCallbackGuarded.<anonymous closure> (dart:async/zone.dart:965:23)
#38     _microtaskLoop (dart:async/schedule_microtask.dart:43:21)
#39     _startMicrotaskLoop (dart:async/schedule_microtask.dart:52:5)
#40     _runPendingImmediateCallback (dart:isolate-patch/isolate_patch.dart:118:13)
#41     _RawReceivePortImpl._handleMessage (dart:isolate-patch/isolate_patch.dart:175:5)
```

## flutter doctor

```
[32m[✓][39m Flutter (Channel stable, v1.12.13+hotfix.8, on Mac OS X 10.15.3 19D76, locale en)
    [32m•[39m Flutter version 1.12.13+hotfix.8 at /Users/mehrdadahmadi/Downloads/flutter
    [32m•[39m Framework revision 0b8abb4724 (12 days ago), 2020-02-11 11:44:36 -0800
    [32m•[39m Engine revision e1e6ced81d
    [32m•[39m Dart version 2.7.0

[32m[✓][39m Android toolchain - develop for Android devices (Android SDK version 29.0.3)
    [32m•[39m Android SDK at /Users/mehrdadahmadi/Library/Android/sdk
    [32m•[39m Android NDK location not configured (optional; useful for native profiling support)
    [32m•[39m Platform android-29, build-tools 29.0.3
    [32m•[39m Java binary at: /Applications/Android Studio.app/Contents/jre/jdk/Contents/Home/bin/java
    [32m•[39m Java version OpenJDK Runtime Environment (build 1.8.0_202-release-1483-b49-5587405)
    [32m•[39m All Android licenses accepted.

[32m[✓][39m Xcode - develop for iOS and macOS (Xcode 11.3.1)
    [32m•[39m Xcode at /Applications/Xcode.app/Contents/Developer
    [32m•[39m Xcode 11.3.1, Build version 11C504
    [32m•[39m CocoaPods version 1.8.4

[32m[✓][39m Android Studio (version 3.5)
    [32m•[39m Android Studio at /Applications/Android Studio.app/Contents
    [32m•[39m Flutter plugin version 43.0.1
    [32m•[39m Dart plugin version 191.8593
    [32m•[39m Java version OpenJDK Runtime Environment (build 1.8.0_202-release-1483-b49-5587405)

[33m[!][39m IntelliJ IDEA Ultimate Edition (version 2019.3.3)
    [32m•[39m IntelliJ at /Applications/IntelliJ IDEA.app
    [31m✗[39m Flutter plugin not installed; this adds Flutter specific functionality.
    [31m✗[39m Dart plugin not installed; this adds Dart specific functionality.
    [32m•[39m For information about installing plugins, see
      https://flutter.dev/intellij-setup/#installing-the-plugins

[32m[✓][39m VS Code (version 1.42.1)
    [32m•[39m VS Code at /Applications/Visual Studio Code.app/Contents
    [32m•[39m Flutter extension version 3.8.1

[32m[✓][39m Connected device (1 available)
    [32m•[39m iPhone 11 Pro Max • 06193970-C9A6-410C-9680-A21FFD3F450A • ios • com.apple.CoreSimulator.SimRuntime.iOS-13-3 (simulator)

[33m![39m Doctor found issues in 1 category.
```
